src/th/niceoppai/build/intermediates/manifest_merge_blame_file/release/processReleaseMainManifest/manifest-merger-blame-release-report.txt
1<?xml version="1.0" encoding="utf-8"?>
2<!-- Generated by kei.plugins.extension — do not edit by hand. -->
3<manifest xmlns:android="http://schemas.android.com/apk/res/android"
4    package="eu.kanade.tachiyomi.extension.th.niceoppai"
5    android:versionCode="1"
6    android:versionName="1.6.1" >
7
8    <uses-sdk
8-->INJECTED
9        android:minSdkVersion="26"
9-->INJECTED
10        android:targetSdkVersion="37" />
10-->INJECTED
11
12    <uses-feature android:name="tachiyomi.extension" />
12-->manifests/generateExtensionManifest/AndroidManifest.xml:4:5-56
12-->manifests/generateExtensionManifest/AndroidManifest.xml:4:19-53
13
14    <application
14-->manifests/generateExtensionManifest/AndroidManifest.xml:5:5-14:19
15        android:allowBackup="false"
15-->manifests/generateExtensionManifest/AndroidManifest.xml:6:9-36
16        android:extractNativeLibs="false"
16-->INJECTED
17        android:icon="@mipmap/ic_launcher"
17-->manifests/generateExtensionManifest/AndroidManifest.xml:7:9-43
18        android:label="Tachiyomi: Niceoppai" >
18-->manifests/generateExtensionManifest/AndroidManifest.xml:8:9-45
19        <meta-data
19-->manifests/generateExtensionManifest/AndroidManifest.xml:9:9-79
20            android:name="tachiyomix.name"
20-->manifests/generateExtensionManifest/AndroidManifest.xml:9:20-50
21            android:value="Niceoppai" />
21-->manifests/generateExtensionManifest/AndroidManifest.xml:9:51-76
22        <meta-data
22-->manifests/generateExtensionManifest/AndroidManifest.xml:10:9-99
23            android:name="tachiyomi.extension.class"
23-->manifests/generateExtensionManifest/AndroidManifest.xml:10:20-60
24            android:value=".ExtensionGenerated" />
24-->manifests/generateExtensionManifest/AndroidManifest.xml:10:61-96
25        <meta-data
25-->manifests/generateExtensionManifest/AndroidManifest.xml:11:9-80
26            android:name="tachiyomi.extension.nsfw"
26-->manifests/generateExtensionManifest/AndroidManifest.xml:11:20-59
27            android:value="1" />
27-->manifests/generateExtensionManifest/AndroidManifest.xml:11:60-77
28        <meta-data
28-->manifests/generateExtensionManifest/AndroidManifest.xml:12:9-81
29            android:name="tachiyomix.contentWarning"
29-->manifests/generateExtensionManifest/AndroidManifest.xml:12:20-60
30            android:value="1" />
30-->manifests/generateExtensionManifest/AndroidManifest.xml:12:61-78
31        <meta-data
31-->manifests/generateExtensionManifest/AndroidManifest.xml:13:9-81
32            android:name="tachiyomix.extensionLib"
32-->manifests/generateExtensionManifest/AndroidManifest.xml:13:20-58
33            android:value="1.6" />
33-->manifests/generateExtensionManifest/AndroidManifest.xml:13:59-78
34    </application>
35
36</manifest>